  Camera.cpp
  chunk.cpp
  CubeGenerator.cpp
  EBO.cpp
  Main.cpp
C:\Users\ivo\Documents\visual studio solutions\YoutubeOpenGL 8 - Camera\Texture.h(39,17): warning C4244: '=': conversion from 'double' to 'GLfloat', possible loss of data
C:\Users\ivo\Documents\visual studio solutions\YoutubeOpenGL 8 - Camera\Texture.h(40,17): warning C4244: '=': conversion from 'double' to 'GLfloat', possible loss of data
C:\Users\ivo\Documents\visual studio solutions\YoutubeOpenGL 8 - Camera\Texture.h(41,15): warning C4244: '=': conversion from 'double' to 'GLfloat', possible loss of data
C:\Users\ivo\Documents\visual studio solutions\YoutubeOpenGL 8 - Camera\Texture.h(42,15): warning C4244: '=': conversion from 'double' to 'GLfloat', possible loss of data
  shaderClass.cpp
  stb.cpp
  terrain.cpp
  Texture.cpp
C:\Users\ivo\Documents\visual studio solutions\YoutubeOpenGL 8 - Camera\Texture.h(39,17): warning C4244: '=': conversion from 'double' to 'GLfloat', possible loss of data
C:\Users\ivo\Documents\visual studio solutions\YoutubeOpenGL 8 - Camera\Texture.h(40,17): warning C4244: '=': conversion from 'double' to 'GLfloat', possible loss of data
C:\Users\ivo\Documents\visual studio solutions\YoutubeOpenGL 8 - Camera\Texture.h(41,15): warning C4244: '=': conversion from 'double' to 'GLfloat', possible loss of data
C:\Users\ivo\Documents\visual studio solutions\YoutubeOpenGL 8 - Camera\Texture.h(42,15): warning C4244: '=': conversion from 'double' to 'GLfloat', possible loss of data
  VAO.cpp
C:\Users\ivo\Documents\visual studio solutions\YoutubeOpenGL 8 - Camera\VAO.cpp(13,63): warning C4244: 'argument': conversion from 'GLsizeiptr' to 'GLsizei', possible loss of data
  VBO.cpp
  Generating Code...
  glad.c
glfw3.lib(context.obj) : warning LNK4099: PDB 'glfw.pdb' was not found with 'glfw3.lib(context.obj)' or at 'C:\Users\ivo\Documents\visual studio solutions\YoutubeOpenGL 8 - Camera\x64\Debug\glfw.pdb'; linking object as if no debug info
glfw3.lib(init.obj) : warning LNK4099: PDB 'glfw.pdb' was not found with 'glfw3.lib(init.obj)' or at 'C:\Users\ivo\Documents\visual studio solutions\YoutubeOpenGL 8 - Camera\x64\Debug\glfw.pdb'; linking object as if no debug info
glfw3.lib(input.obj) : warning LNK4099: PDB 'glfw.pdb' was not found with 'glfw3.lib(input.obj)' or at 'C:\Users\ivo\Documents\visual studio solutions\YoutubeOpenGL 8 - Camera\x64\Debug\glfw.pdb'; linking object as if no debug info
glfw3.lib(monitor.obj) : warning LNK4099: PDB 'glfw.pdb' was not found with 'glfw3.lib(monitor.obj)' or at 'C:\Users\ivo\Documents\visual studio solutions\YoutubeOpenGL 8 - Camera\x64\Debug\glfw.pdb'; linking object as if no debug info
glfw3.lib(vulkan.obj) : warning LNK4099: PDB 'glfw.pdb' was not found with 'glfw3.lib(vulkan.obj)' or at 'C:\Users\ivo\Documents\visual studio solutions\YoutubeOpenGL 8 - Camera\x64\Debug\glfw.pdb'; linking object as if no debug info
glfw3.lib(window.obj) : warning LNK4099: PDB 'glfw.pdb' was not found with 'glfw3.lib(window.obj)' or at 'C:\Users\ivo\Documents\visual studio solutions\YoutubeOpenGL 8 - Camera\x64\Debug\glfw.pdb'; linking object as if no debug info
glfw3.lib(win32_init.obj) : warning LNK4099: PDB 'glfw.pdb' was not found with 'glfw3.lib(win32_init.obj)' or at 'C:\Users\ivo\Documents\visual studio solutions\YoutubeOpenGL 8 - Camera\x64\Debug\glfw.pdb'; linking object as if no debug info
glfw3.lib(win32_joystick.obj) : warning LNK4099: PDB 'glfw.pdb' was not found with 'glfw3.lib(win32_joystick.obj)' or at 'C:\Users\ivo\Documents\visual studio solutions\YoutubeOpenGL 8 - Camera\x64\Debug\glfw.pdb'; linking object as if no debug info
glfw3.lib(win32_monitor.obj) : warning LNK4099: PDB 'glfw.pdb' was not found with 'glfw3.lib(win32_monitor.obj)' or at 'C:\Users\ivo\Documents\visual studio solutions\YoutubeOpenGL 8 - Camera\x64\Debug\glfw.pdb'; linking object as if no debug info
glfw3.lib(win32_time.obj) : warning LNK4099: PDB '' was not found with 'glfw3.lib(win32_time.obj)' or at ''; linking object as if no debug info
glfw3.lib(win32_thread.obj) : warning LNK4099: PDB 'glfw.pdb' was not found with 'glfw3.lib(win32_thread.obj)' or at 'C:\Users\ivo\Documents\visual studio solutions\YoutubeOpenGL 8 - Camera\x64\Debug\glfw.pdb'; linking object as if no debug info
glfw3.lib(win32_window.obj) : warning LNK4099: PDB 'glfw.pdb' was not found with 'glfw3.lib(win32_window.obj)' or at 'C:\Users\ivo\Documents\visual studio solutions\YoutubeOpenGL 8 - Camera\x64\Debug\glfw.pdb'; linking object as if no debug info
glfw3.lib(wgl_context.obj) : warning LNK4099: PDB 'glfw.pdb' was not found with 'glfw3.lib(wgl_context.obj)' or at 'C:\Users\ivo\Documents\visual studio solutions\YoutubeOpenGL 8 - Camera\x64\Debug\glfw.pdb'; linking object as if no debug info
glfw3.lib(egl_context.obj) : warning LNK4099: PDB '' was not found with 'glfw3.lib(egl_context.obj)' or at ''; linking object as if no debug info
glfw3.lib(osmesa_context.obj) : warning LNK4099: PDB 'glfw.pdb' was not found with 'glfw3.lib(osmesa_context.obj)' or at 'C:\Users\ivo\Documents\visual studio solutions\YoutubeOpenGL 8 - Camera\x64\Debug\glfw.pdb'; linking object as if no debug info
  YoutubeOpenGL.vcxproj -> C:\Users\ivo\Documents\visual studio solutions\YoutubeOpenGL 8 - Camera\x64\Debug\YoutubeOpenGL.exe
